# JRE version: Java(TM) SE Runtime Environment (17.0.6+9) (build 17.0.6+9-LTS-190)
# Java VM: Java HotSpot(TM) 64-Bit Server VM (17.0.6+9-LTS-190, mixed mode, emulated-client, sharing, tiered, compressed oops, compressed class ptrs, g1 gc, windows-amd64)
GC Precious Log:
 CPUs: 12 total, 12 available
 Memory: 16088M
 Large Page Support: Disabled
 NUMA Support: Disabled
 Compressed Oops: Enabled (Zero based)
 Heap Region Size: 2M
 Heap Min Capacity: 8M
 Heap Initial Capacity: 252M
 Heap Max Capacity: 4024M
 Pre-touch: Disabled
 Parallel Workers: 10
 Concurrent Workers: 3
 Concurrent Refinement Workers: 10
 Periodic GC: Disabled
Heap:
 garbage-first heap   total 61440K, used 26390K [0x0000000704800000, 0x0000000800000000)
  region size 2048K, 5 young (10240K), 1 survivors (2048K)
 Metaspace       used 53787K, committed 54272K, reserved 1097728K
  class space    used 7558K, committed 7808K, reserved 1048576K
GC Heap History (20 events):
Event: 0.658 GC heap before
{Heap before GC invocations=1 (full 0):
 garbage-first heap   total 258048K, used 30933K [0x0000000704800000, 0x0000000800000000)
  region size 2048K, 14 young (28672K), 2 survivors (4096K)
 Metaspace       used 12738K, committed 12992K, reserved 1064960K
  class space    used 1711K, committed 1792K, reserved 1048576K
}
Event: 0.661 GC heap after
{Heap after GC invocations=2 (full 0):
 garbage-first heap   total 258048K, used 8234K [0x0000000704800000, 0x0000000800000000)
  region size 2048K, 1 young (2048K), 1 survivors (2048K)
 Metaspace       used 12738K, committed 12992K, reserved 1064960K
  class space    used 1711K, committed 1792K, reserved 1048576K
}
Event: 1.122 GC heap before
{Heap before GC invocations=2 (full 0):
 garbage-first heap   total 258048K, used 63530K [0x0000000704800000, 0x0000000800000000)
  region size 2048K, 29 young (59392K), 1 survivors (2048K)
 Metaspace       used 21229K, committed 21504K, reserved 1073152K
  class space    used 2885K, committed 3008K, reserved 1048576K
}
Event: 1.125 GC heap after
{Heap after GC invocations=3 (full 0):
 garbage-first heap   total 258048K, used 11440K [0x0000000704800000, 0x0000000800000000)
  region size 2048K, 3 young (6144K), 3 survivors (6144K)
 Metaspace       used 21229K, committed 21504K, reserved 1073152K
  class space    used 2885K, committed 3008K, reserved 1048576K
}
Event: 1.385 GC heap before
{Heap before GC invocations=4 (full 0):
 garbage-first heap   total 55296K, used 38064K [0x0000000704800000, 0x0000000800000000)
  region size 2048K, 17 young (34816K), 3 survivors (6144K)
 Metaspace       used 26099K, committed 26432K, reserved 1073152K
  class space    used 3505K, committed 3712K, reserved 1048576K
}
Event: 1.390 GC heap after
{Heap after GC invocations=5 (full 0):
 garbage-first heap   total 55296K, used 14286K [0x0000000704800000, 0x0000000800000000)
  region size 2048K, 4 young (8192K), 4 survivors (8192K)
 Metaspace       used 26099K, committed 26432K, reserved 1073152K
  class space    used 3505K, committed 3712K, reserved 1048576K
}
Event: 1.412 GC heap before
{Heap before GC invocations=5 (full 0):
 garbage-first heap   total 55296K, used 16334K [0x0000000704800000, 0x0000000800000000)
  region size 2048K, 5 young (10240K), 4 survivors (8192K)
 Metaspace       used 26486K, committed 26880K, reserved 1073152K
  class space    used 3585K, committed 3776K, reserved 1048576K
}
Event: 1.416 GC heap after
{Heap after GC invocations=6 (full 0):
 garbage-first heap   total 55296K, used 14404K [0x0000000704800000, 0x0000000800000000)
  region size 2048K, 1 young (2048K), 1 survivors (2048K)
 Metaspace       used 26486K, committed 26880K, reserved 1073152K
  class space    used 3585K, committed 3776K, reserved 1048576K
}
Event: 1.612 GC heap before
{Heap before GC invocations=6 (full 0):
 garbage-first heap   total 55296K, used 34884K [0x0000000704800000, 0x0000000800000000)
  region size 2048K, 11 young (22528K), 1 survivors (2048K)
 Metaspace       used 31557K, committed 31872K, reserved 1081344K
  class space    used 4345K, committed 4480K, reserved 1048576K
}
Event: 1.614 GC heap after
{Heap after GC invocations=7 (full 0):
 garbage-first heap   total 157696K, used 14858K [0x0000000704800000, 0x0000000800000000)
  region size 2048K, 1 young (2048K), 1 survivors (2048K)
 Metaspace       used 31557K, committed 31872K, reserved 1081344K
  class space    used 4345K, committed 4480K, reserved 1048576K
}
Event: 1.726 GC heap before
{Heap before GC invocations=7 (full 0):
 garbage-first heap   total 157696K, used 25098K [0x0000000704800000, 0x0000000800000000)
  region size 2048K, 7 young (14336K), 1 survivors (2048K)
 Metaspace       used 35580K, committed 35968K, reserved 1081344K
  class space    used 4954K, committed 5184K, reserved 1048576K
}
Event: 1.727 GC heap after
{Heap after GC invocations=8 (full 0):
 garbage-first heap   total 157696K, used 15368K [0x0000000704800000, 0x0000000800000000)
  region size 2048K, 1 young (2048K), 1 survivors (2048K)
 Metaspace       used 35580K, committed 35968K, reserved 1081344K
  class space    used 4954K, committed 5184K, reserved 1048576K
}
Event: 2.160 GC heap before
{Heap before GC invocations=9 (full 0):
 garbage-first heap   total 61440K, used 50184K [0x0000000704800000, 0x0000000800000000)
  region size 2048K, 18 young (36864K), 1 survivors (2048K)
 Metaspace       used 43532K, committed 43904K, reserved 1089536K
  class space    used 6151K, committed 6336K, reserved 1048576K
}
Event: 2.162 GC heap after
{Heap after GC invocations=10 (full 0):
 garbage-first heap   total 61440K, used 16687K [0x0000000704800000, 0x0000000800000000)
  region size 2048K, 2 young (4096K), 2 survivors (4096K)
 Metaspace       used 43532K, committed 43904K, reserved 1089536K
  class space    used 6151K, committed 6336K, reserved 1048576K
}
Event: 2.180 GC heap before
{Heap before GC invocations=10 (full 0):
 garbage-first heap   total 61440K, used 18735K [0x0000000704800000, 0x0000000800000000)
  region size 2048K, 3 young (6144K), 2 survivors (4096K)
 Metaspace       used 43963K, committed 44352K, reserved 1089536K
  class space    used 6225K, committed 6400K, reserved 1048576K
}
Event: 2.183 GC heap after
{Heap after GC invocations=11 (full 0):
 garbage-first heap   total 61440K, used 16869K [0x0000000704800000, 0x0000000800000000)
  region size 2048K, 1 young (2048K), 1 survivors (2048K)
 Metaspace       used 43963K, committed 44352K, reserved 1089536K
  class space    used 6225K, committed 6400K, reserved 1048576K
}
Event: 2.465 GC heap before
{Heap before GC invocations=11 (full 0):
 garbage-first heap   total 61440K, used 41445K [0x0000000704800000, 0x0000000800000000)
  region size 2048K, 14 young (28672K), 1 survivors (2048K)
 Metaspace       used 48758K, committed 49088K, reserved 1097728K
  class space    used 6899K, committed 7040K, reserved 1048576K
}
Event: 2.468 GC heap after
{Heap after GC invocations=12 (full 0):
 garbage-first heap   total 61440K, used 18794K [0x0000000704800000, 0x0000000800000000)
  region size 2048K, 2 young (4096K), 2 survivors (4096K)
 Metaspace       used 48758K, committed 49088K, reserved 1097728K
  class space    used 6899K, committed 7040K, reserved 1048576K
}
Event: 14.267 GC heap before
{Heap before GC invocations=12 (full 0):
 garbage-first heap   total 61440K, used 41322K [0x0000000704800000, 0x0000000800000000)
  region size 2048K, 14 young (28672K), 2 survivors (4096K)
 Metaspace       used 53137K, committed 53632K, reserved 1097728K
  class space    used 7468K, committed 7680K, reserved 1048576K
}
Event: 14.273 GC heap after
{Heap after GC invocations=13 (full 0):
 garbage-first heap   total 61440K, used 20246K [0x0000000704800000, 0x0000000800000000)
  region size 2048K, 1 young (2048K), 1 survivors (2048K)
 Metaspace       used 53137K, committed 53632K, reserved 1097728K
  class space    used 7468K, committed 7680K, reserved 1048576K
}

