# JRE version: Java(TM) SE Runtime Environment (17.0.6+9) (build 17.0.6+9-LTS-190)
# Java VM: Java HotSpot(TM) 64-Bit Server VM (17.0.6+9-LTS-190, mixed mode, emulated-client, sharing, tiered, compressed oops, compressed class ptrs, g1 gc, windows-amd64)
GC Precious Log:
 CPUs: 12 total, 12 available
 Memory: 16088M
 Large Page Support: Disabled
 NUMA Support: Disabled
 Compressed Oops: Enabled (Zero based)
 Heap Region Size: 2M
 Heap Min Capacity: 8M
 Heap Initial Capacity: 252M
 Heap Max Capacity: 4024M
 Pre-touch: Disabled
 Parallel Workers: 10
 Concurrent Workers: 3
 Concurrent Refinement Workers: 10
 Periodic GC: Disabled
Heap:
 garbage-first heap   total 61440K, used 24538K [0x0000000704800000, 0x0000000800000000)
  region size 2048K, 4 young (8192K), 1 survivors (2048K)
 Metaspace       used 53630K, committed 54016K, reserved 1097728K
  class space    used 7530K, committed 7744K, reserved 1048576K
GC Heap History (20 events):
Event: 0.623 GC heap before
{Heap before GC invocations=1 (full 0):
 garbage-first heap   total 258048K, used 28885K [0x0000000704800000, 0x0000000800000000)
  region size 2048K, 14 young (28672K), 2 survivors (4096K)
 Metaspace       used 12844K, committed 13120K, reserved 1064960K
  class space    used 1726K, committed 1856K, reserved 1048576K
}
Event: 0.626 GC heap after
{Heap after GC invocations=2 (full 0):
 garbage-first heap   total 258048K, used 8234K [0x0000000704800000, 0x0000000800000000)
  region size 2048K, 1 young (2048K), 1 survivors (2048K)
 Metaspace       used 12844K, committed 13120K, reserved 1064960K
  class space    used 1726K, committed 1856K, reserved 1048576K
}
Event: 1.058 GC heap before
{Heap before GC invocations=2 (full 0):
 garbage-first heap   total 258048K, used 61482K [0x0000000704800000, 0x0000000800000000)
  region size 2048K, 28 young (57344K), 1 survivors (2048K)
 Metaspace       used 21254K, committed 21504K, reserved 1073152K
  class space    used 2889K, committed 3008K, reserved 1048576K
}
Event: 1.061 GC heap after
{Heap after GC invocations=3 (full 0):
 garbage-first heap   total 258048K, used 11386K [0x0000000704800000, 0x0000000800000000)
  region size 2048K, 3 young (6144K), 3 survivors (6144K)
 Metaspace       used 21254K, committed 21504K, reserved 1073152K
  class space    used 2889K, committed 3008K, reserved 1048576K
}
Event: 1.308 GC heap before
{Heap before GC invocations=4 (full 0):
 garbage-first heap   total 55296K, used 38010K [0x0000000704800000, 0x0000000800000000)
  region size 2048K, 17 young (34816K), 3 survivors (6144K)
 Metaspace       used 26146K, committed 26496K, reserved 1073152K
  class space    used 3511K, committed 3712K, reserved 1048576K
}
Event: 1.311 GC heap after
{Heap after GC invocations=5 (full 0):
 garbage-first heap   total 55296K, used 14028K [0x0000000704800000, 0x0000000800000000)
  region size 2048K, 4 young (8192K), 4 survivors (8192K)
 Metaspace       used 26146K, committed 26496K, reserved 1073152K
  class space    used 3511K, committed 3712K, reserved 1048576K
}
Event: 1.338 GC heap before
{Heap before GC invocations=5 (full 0):
 garbage-first heap   total 55296K, used 16076K [0x0000000704800000, 0x0000000800000000)
  region size 2048K, 5 young (10240K), 4 survivors (8192K)
 Metaspace       used 26514K, committed 26944K, reserved 1073152K
  class space    used 3590K, committed 3776K, reserved 1048576K
}
Event: 1.343 GC heap after
{Heap after GC invocations=6 (full 0):
 garbage-first heap   total 55296K, used 14731K [0x0000000704800000, 0x0000000800000000)
  region size 2048K, 1 young (2048K), 1 survivors (2048K)
 Metaspace       used 26514K, committed 26944K, reserved 1073152K
  class space    used 3590K, committed 3776K, reserved 1048576K
}
Event: 1.533 GC heap before
{Heap before GC invocations=6 (full 0):
 garbage-first heap   total 55296K, used 35211K [0x0000000704800000, 0x0000000800000000)
  region size 2048K, 11 young (22528K), 1 survivors (2048K)
 Metaspace       used 31619K, committed 31936K, reserved 1081344K
  class space    used 4353K, committed 4480K, reserved 1048576K
}
Event: 1.534 GC heap after
{Heap after GC invocations=7 (full 0):
 garbage-first heap   total 157696K, used 14932K [0x0000000704800000, 0x0000000800000000)
  region size 2048K, 1 young (2048K), 1 survivors (2048K)
 Metaspace       used 31619K, committed 31936K, reserved 1081344K
  class space    used 4353K, committed 4480K, reserved 1048576K
}
Event: 1.644 GC heap before
{Heap before GC invocations=7 (full 0):
 garbage-first heap   total 157696K, used 25172K [0x0000000704800000, 0x0000000800000000)
  region size 2048K, 7 young (14336K), 1 survivors (2048K)
 Metaspace       used 35582K, committed 35968K, reserved 1081344K
  class space    used 4954K, committed 5184K, reserved 1048576K
}
Event: 1.647 GC heap after
{Heap after GC invocations=8 (full 0):
 garbage-first heap   total 157696K, used 15315K [0x0000000704800000, 0x0000000800000000)
  region size 2048K, 1 young (2048K), 1 survivors (2048K)
 Metaspace       used 35582K, committed 35968K, reserved 1081344K
  class space    used 4954K, committed 5184K, reserved 1048576K
}
Event: 2.062 GC heap before
{Heap before GC invocations=9 (full 0):
 garbage-first heap   total 61440K, used 50131K [0x0000000704800000, 0x0000000800000000)
  region size 2048K, 18 young (36864K), 1 survivors (2048K)
 Metaspace       used 43562K, committed 43968K, reserved 1089536K
  class space    used 6153K, committed 6336K, reserved 1048576K
}
Event: 2.065 GC heap after
{Heap after GC invocations=10 (full 0):
 garbage-first heap   total 61440K, used 16813K [0x0000000704800000, 0x0000000800000000)
  region size 2048K, 2 young (4096K), 2 survivors (4096K)
 Metaspace       used 43562K, committed 43968K, reserved 1089536K
  class space    used 6153K, committed 6336K, reserved 1048576K
}
Event: 2.085 GC heap before
{Heap before GC invocations=10 (full 0):
 garbage-first heap   total 61440K, used 18861K [0x0000000704800000, 0x0000000800000000)
  region size 2048K, 3 young (6144K), 2 survivors (4096K)
 Metaspace       used 43978K, committed 44352K, reserved 1089536K
  class space    used 6225K, committed 6400K, reserved 1048576K
}
Event: 2.088 GC heap after
{Heap after GC invocations=11 (full 0):
 garbage-first heap   total 61440K, used 16930K [0x0000000704800000, 0x0000000800000000)
  region size 2048K, 1 young (2048K), 1 survivors (2048K)
 Metaspace       used 43978K, committed 44352K, reserved 1089536K
  class space    used 6225K, committed 6400K, reserved 1048576K
}
Event: 2.356 GC heap before
{Heap before GC invocations=11 (full 0):
 garbage-first heap   total 61440K, used 43554K [0x0000000704800000, 0x0000000800000000)
  region size 2048K, 14 young (28672K), 1 survivors (2048K)
 Metaspace       used 48766K, committed 49088K, reserved 1097728K
  class space    used 6898K, committed 7040K, reserved 1048576K
}
Event: 2.359 GC heap after
{Heap after GC invocations=12 (full 0):
 garbage-first heap   total 61440K, used 18934K [0x0000000704800000, 0x0000000800000000)
  region size 2048K, 2 young (4096K), 2 survivors (4096K)
 Metaspace       used 48766K, committed 49088K, reserved 1097728K
  class space    used 6898K, committed 7040K, reserved 1048576K
}
Event: 16.211 GC heap before
{Heap before GC invocations=12 (full 0):
 garbage-first heap   total 61440K, used 43510K [0x0000000704800000, 0x0000000800000000)
  region size 2048K, 14 young (28672K), 2 survivors (4096K)
 Metaspace       used 53151K, committed 53632K, reserved 1097728K
  class space    used 7468K, committed 7680K, reserved 1048576K
}
Event: 16.220 GC heap after
{Heap after GC invocations=13 (full 0):
 garbage-first heap   total 61440K, used 20442K [0x0000000704800000, 0x0000000800000000)
  region size 2048K, 1 young (2048K), 1 survivors (2048K)
 Metaspace       used 53151K, committed 53632K, reserved 1097728K
  class space    used 7468K, committed 7680K, reserved 1048576K
}

