# JRE version: Java(TM) SE Runtime Environment (17.0.6+9) (build 17.0.6+9-LTS-190)
# Java VM: Java HotSpot(TM) 64-Bit Server VM (17.0.6+9-LTS-190, mixed mode, emulated-client, sharing, tiered, compressed oops, compressed class ptrs, g1 gc, windows-amd64)
GC Precious Log:
 CPUs: 12 total, 12 available
 Memory: 16088M
 Large Page Support: Disabled
 NUMA Support: Disabled
 Compressed Oops: Enabled (Zero based)
 Heap Region Size: 2M
 Heap Min Capacity: 8M
 Heap Initial Capacity: 252M
 Heap Max Capacity: 4024M
 Pre-touch: Disabled
 Parallel Workers: 10
 Concurrent Workers: 3
 Concurrent Refinement Workers: 10
 Periodic GC: Disabled
Heap:
 garbage-first heap   total 61440K, used 24287K [0x0000000704800000, 0x0000000800000000)
  region size 2048K, 4 young (8192K), 1 survivors (2048K)
 Metaspace       used 53613K, committed 54016K, reserved 1097728K
  class space    used 7530K, committed 7744K, reserved 1048576K
GC Heap History (20 events):
Event: 0.696 GC heap before
{Heap before GC invocations=1 (full 0):
 garbage-first heap   total 258048K, used 30991K [0x0000000704800000, 0x0000000800000000)
  region size 2048K, 14 young (28672K), 2 survivors (4096K)
 Metaspace       used 12760K, committed 12992K, reserved 1064960K
  class space    used 1714K, committed 1792K, reserved 1048576K
}
Event: 0.699 GC heap after
{Heap after GC invocations=2 (full 0):
 garbage-first heap   total 258048K, used 8072K [0x0000000704800000, 0x0000000800000000)
  region size 2048K, 1 young (2048K), 1 survivors (2048K)
 Metaspace       used 12760K, committed 12992K, reserved 1064960K
  class space    used 1714K, committed 1792K, reserved 1048576K
}
Event: 1.135 GC heap before
{Heap before GC invocations=2 (full 0):
 garbage-first heap   total 258048K, used 61320K [0x0000000704800000, 0x0000000800000000)
  region size 2048K, 28 young (57344K), 1 survivors (2048K)
 Metaspace       used 21242K, committed 21504K, reserved 1073152K
  class space    used 2880K, committed 3008K, reserved 1048576K
}
Event: 1.139 GC heap after
{Heap after GC invocations=3 (full 0):
 garbage-first heap   total 258048K, used 11332K [0x0000000704800000, 0x0000000800000000)
  region size 2048K, 3 young (6144K), 3 survivors (6144K)
 Metaspace       used 21242K, committed 21504K, reserved 1073152K
  class space    used 2880K, committed 3008K, reserved 1048576K
}
Event: 1.402 GC heap before
{Heap before GC invocations=4 (full 0):
 garbage-first heap   total 55296K, used 37956K [0x0000000704800000, 0x0000000800000000)
  region size 2048K, 17 young (34816K), 3 survivors (6144K)
 Metaspace       used 25896K, committed 26240K, reserved 1073152K
  class space    used 3479K, committed 3648K, reserved 1048576K
}
Event: 1.406 GC heap after
{Heap after GC invocations=5 (full 0):
 garbage-first heap   total 55296K, used 13735K [0x0000000704800000, 0x0000000800000000)
  region size 2048K, 4 young (8192K), 4 survivors (8192K)
 Metaspace       used 25896K, committed 26240K, reserved 1073152K
  class space    used 3479K, committed 3648K, reserved 1048576K
}
Event: 1.429 GC heap before
{Heap before GC invocations=5 (full 0):
 garbage-first heap   total 55296K, used 15783K [0x0000000704800000, 0x0000000800000000)
  region size 2048K, 5 young (10240K), 4 survivors (8192K)
 Metaspace       used 26420K, committed 26816K, reserved 1073152K
  class space    used 3572K, committed 3776K, reserved 1048576K
}
Event: 1.433 GC heap after
{Heap after GC invocations=6 (full 0):
 garbage-first heap   total 55296K, used 14288K [0x0000000704800000, 0x0000000800000000)
  region size 2048K, 1 young (2048K), 1 survivors (2048K)
 Metaspace       used 26420K, committed 26816K, reserved 1073152K
  class space    used 3572K, committed 3776K, reserved 1048576K
}
Event: 1.621 GC heap before
{Heap before GC invocations=6 (full 0):
 garbage-first heap   total 55296K, used 34768K [0x0000000704800000, 0x0000000800000000)
  region size 2048K, 11 young (22528K), 1 survivors (2048K)
 Metaspace       used 31492K, committed 31808K, reserved 1081344K
  class space    used 4335K, committed 4480K, reserved 1048576K
}
Event: 1.623 GC heap after
{Heap after GC invocations=7 (full 0):
 garbage-first heap   total 157696K, used 14756K [0x0000000704800000, 0x0000000800000000)
  region size 2048K, 1 young (2048K), 1 survivors (2048K)
 Metaspace       used 31492K, committed 31808K, reserved 1081344K
  class space    used 4335K, committed 4480K, reserved 1048576K
}
Event: 1.743 GC heap before
{Heap before GC invocations=7 (full 0):
 garbage-first heap   total 157696K, used 24996K [0x0000000704800000, 0x0000000800000000)
  region size 2048K, 7 young (14336K), 1 survivors (2048K)
 Metaspace       used 35582K, committed 35968K, reserved 1081344K
  class space    used 4954K, committed 5184K, reserved 1048576K
}
Event: 1.745 GC heap after
{Heap after GC invocations=8 (full 0):
 garbage-first heap   total 157696K, used 15309K [0x0000000704800000, 0x0000000800000000)
  region size 2048K, 1 young (2048K), 1 survivors (2048K)
 Metaspace       used 35582K, committed 35968K, reserved 1081344K
  class space    used 4954K, committed 5184K, reserved 1048576K
}
Event: 2.178 GC heap before
{Heap before GC invocations=9 (full 0):
 garbage-first heap   total 61440K, used 50125K [0x0000000704800000, 0x0000000800000000)
  region size 2048K, 18 young (36864K), 1 survivors (2048K)
 Metaspace       used 43535K, committed 43904K, reserved 1089536K
  class space    used 6151K, committed 6336K, reserved 1048576K
}
Event: 2.181 GC heap after
{Heap after GC invocations=10 (full 0):
 garbage-first heap   total 61440K, used 16720K [0x0000000704800000, 0x0000000800000000)
  region size 2048K, 2 young (4096K), 2 survivors (4096K)
 Metaspace       used 43535K, committed 43904K, reserved 1089536K
  class space    used 6151K, committed 6336K, reserved 1048576K
}
Event: 2.198 GC heap before
{Heap before GC invocations=10 (full 0):
 garbage-first heap   total 61440K, used 18768K [0x0000000704800000, 0x0000000800000000)
  region size 2048K, 3 young (6144K), 2 survivors (4096K)
 Metaspace       used 43972K, committed 44352K, reserved 1089536K
  class space    used 6226K, committed 6400K, reserved 1048576K
}
Event: 2.201 GC heap after
{Heap after GC invocations=11 (full 0):
 garbage-first heap   total 61440K, used 17031K [0x0000000704800000, 0x0000000800000000)
  region size 2048K, 1 young (2048K), 1 survivors (2048K)
 Metaspace       used 43972K, committed 44352K, reserved 1089536K
  class space    used 6226K, committed 6400K, reserved 1048576K
}
Event: 2.473 GC heap before
{Heap before GC invocations=11 (full 0):
 garbage-first heap   total 61440K, used 43655K [0x0000000704800000, 0x0000000800000000)
  region size 2048K, 14 young (28672K), 1 survivors (2048K)
 Metaspace       used 48751K, committed 49088K, reserved 1097728K
  class space    used 6897K, committed 7040K, reserved 1048576K
}
Event: 2.475 GC heap after
{Heap after GC invocations=12 (full 0):
 garbage-first heap   total 61440K, used 18808K [0x0000000704800000, 0x0000000800000000)
  region size 2048K, 2 young (4096K), 2 survivors (4096K)
 Metaspace       used 48751K, committed 49088K, reserved 1097728K
  class space    used 6897K, committed 7040K, reserved 1048576K
}
Event: 18.210 GC heap before
{Heap before GC invocations=12 (full 0):
 garbage-first heap   total 61440K, used 43384K [0x0000000704800000, 0x0000000800000000)
  region size 2048K, 14 young (28672K), 2 survivors (4096K)
 Metaspace       used 53137K, committed 53632K, reserved 1097728K
  class space    used 7468K, committed 7680K, reserved 1048576K
}
Event: 18.215 GC heap after
{Heap after GC invocations=13 (full 0):
 garbage-first heap   total 61440K, used 20191K [0x0000000704800000, 0x0000000800000000)
  region size 2048K, 1 young (2048K), 1 survivors (2048K)
 Metaspace       used 53137K, committed 53632K, reserved 1097728K
  class space    used 7468K, committed 7680K, reserved 1048576K
}

