# JRE version: Java(TM) SE Runtime Environment (17.0.6+9) (build 17.0.6+9-LTS-190)
# Java VM: Java HotSpot(TM) 64-Bit Server VM (17.0.6+9-LTS-190, mixed mode, emulated-client, sharing, tiered, compressed oops, compressed class ptrs, g1 gc, windows-amd64)
GC Precious Log:
 CPUs: 12 total, 12 available
 Memory: 16088M
 Large Page Support: Disabled
 NUMA Support: Disabled
 Compressed Oops: Enabled (Zero based)
 Heap Region Size: 2M
 Heap Min Capacity: 8M
 Heap Initial Capacity: 252M
 Heap Max Capacity: 4024M
 Pre-touch: Disabled
 Parallel Workers: 10
 Concurrent Workers: 3
 Concurrent Refinement Workers: 10
 Periodic GC: Disabled
Heap:
 garbage-first heap   total 61440K, used 40787K [0x0000000704800000, 0x0000000800000000)
  region size 2048K, 12 young (24576K), 1 survivors (2048K)
 Metaspace       used 55426K, committed 55936K, reserved 1097728K
  class space    used 7747K, committed 8000K, reserved 1048576K
GC Heap History (20 events):
Event: 0.402 GC heap before
{Heap before GC invocations=0 (full 0):
 garbage-first heap   total 258048K, used 20480K [0x0000000704800000, 0x0000000800000000)
  region size 2048K, 11 young (22528K), 0 survivors (0K)
 Metaspace       used 7183K, committed 7296K, reserved 1056768K
  class space    used 904K, committed 960K, reserved 1048576K
}
Event: 0.407 GC heap after
{Heap after GC invocations=1 (full 0):
 garbage-first heap   total 258048K, used 6866K [0x0000000704800000, 0x0000000800000000)
  region size 2048K, 2 young (4096K), 2 survivors (4096K)
 Metaspace       used 7183K, committed 7296K, reserved 1056768K
  class space    used 904K, committed 960K, reserved 1048576K
}
Event: 0.629 GC heap before
{Heap before GC invocations=1 (full 0):
 garbage-first heap   total 258048K, used 29394K [0x0000000704800000, 0x0000000800000000)
  region size 2048K, 14 young (28672K), 2 survivors (4096K)
 Metaspace       used 12731K, committed 12992K, reserved 1064960K
  class space    used 1710K, committed 1792K, reserved 1048576K
}
Event: 0.632 GC heap after
{Heap after GC invocations=2 (full 0):
 garbage-first heap   total 258048K, used 8077K [0x0000000704800000, 0x0000000800000000)
  region size 2048K, 1 young (2048K), 1 survivors (2048K)
 Metaspace       used 12731K, committed 12992K, reserved 1064960K
  class space    used 1710K, committed 1792K, reserved 1048576K
}
Event: 1.064 GC heap before
{Heap before GC invocations=2 (full 0):
 garbage-first heap   total 258048K, used 63373K [0x0000000704800000, 0x0000000800000000)
  region size 2048K, 29 young (59392K), 1 survivors (2048K)
 Metaspace       used 21229K, committed 21504K, reserved 1073152K
  class space    used 2876K, committed 3008K, reserved 1048576K
}
Event: 1.067 GC heap after
{Heap after GC invocations=3 (full 0):
 garbage-first heap   total 258048K, used 11259K [0x0000000704800000, 0x0000000800000000)
  region size 2048K, 3 young (6144K), 3 survivors (6144K)
 Metaspace       used 21229K, committed 21504K, reserved 1073152K
  class space    used 2876K, committed 3008K, reserved 1048576K
}
Event: 1.331 GC heap before
{Heap before GC invocations=4 (full 0):
 garbage-first heap   total 55296K, used 37883K [0x0000000704800000, 0x0000000800000000)
  region size 2048K, 17 young (34816K), 3 survivors (6144K)
 Metaspace       used 26169K, committed 26496K, reserved 1073152K
  class space    used 3513K, committed 3712K, reserved 1048576K
}
Event: 1.334 GC heap after
{Heap after GC invocations=5 (full 0):
 garbage-first heap   total 55296K, used 14065K [0x0000000704800000, 0x0000000800000000)
  region size 2048K, 4 young (8192K), 4 survivors (8192K)
 Metaspace       used 26169K, committed 26496K, reserved 1073152K
  class space    used 3513K, committed 3712K, reserved 1048576K
}
Event: 1.354 GC heap before
{Heap before GC invocations=5 (full 0):
 garbage-first heap   total 55296K, used 14065K [0x0000000704800000, 0x0000000800000000)
  region size 2048K, 5 young (10240K), 4 survivors (8192K)
 Metaspace       used 26518K, committed 26944K, reserved 1073152K
  class space    used 3591K, committed 3776K, reserved 1048576K
}
Event: 1.359 GC heap after
{Heap after GC invocations=6 (full 0):
 garbage-first heap   total 157696K, used 14822K [0x0000000704800000, 0x0000000800000000)
  region size 2048K, 1 young (2048K), 1 survivors (2048K)
 Metaspace       used 26518K, committed 26944K, reserved 1073152K
  class space    used 3591K, committed 3776K, reserved 1048576K
}
Event: 1.645 GC heap before
{Heap before GC invocations=6 (full 0):
 garbage-first heap   total 157696K, used 43494K [0x0000000704800000, 0x0000000800000000)
  region size 2048K, 16 young (32768K), 1 survivors (2048K)
 Metaspace       used 35583K, committed 35968K, reserved 1081344K
  class space    used 4955K, committed 5184K, reserved 1048576K
}
Event: 1.648 GC heap after
{Heap after GC invocations=7 (full 0):
 garbage-first heap   total 157696K, used 15317K [0x0000000704800000, 0x0000000800000000)
  region size 2048K, 1 young (2048K), 1 survivors (2048K)
 Metaspace       used 35583K, committed 35968K, reserved 1081344K
  class space    used 4955K, committed 5184K, reserved 1048576K
}
Event: 2.061 GC heap before
{Heap before GC invocations=8 (full 0):
 garbage-first heap   total 61440K, used 50133K [0x0000000704800000, 0x0000000800000000)
  region size 2048K, 18 young (36864K), 1 survivors (2048K)
 Metaspace       used 43501K, committed 43904K, reserved 1089536K
  class space    used 6146K, committed 6336K, reserved 1048576K
}
Event: 2.063 GC heap after
{Heap after GC invocations=9 (full 0):
 garbage-first heap   total 61440K, used 16625K [0x0000000704800000, 0x0000000800000000)
  region size 2048K, 2 young (4096K), 2 survivors (4096K)
 Metaspace       used 43501K, committed 43904K, reserved 1089536K
  class space    used 6146K, committed 6336K, reserved 1048576K
}
Event: 2.084 GC heap before
{Heap before GC invocations=9 (full 0):
 garbage-first heap   total 61440K, used 18673K [0x0000000704800000, 0x0000000800000000)
  region size 2048K, 3 young (6144K), 2 survivors (4096K)
 Metaspace       used 43938K, committed 44352K, reserved 1089536K
  class space    used 6215K, committed 6400K, reserved 1048576K
}
Event: 2.087 GC heap after
{Heap after GC invocations=10 (full 0):
 garbage-first heap   total 61440K, used 16815K [0x0000000704800000, 0x0000000800000000)
  region size 2048K, 1 young (2048K), 1 survivors (2048K)
 Metaspace       used 43938K, committed 44352K, reserved 1089536K
  class space    used 6215K, committed 6400K, reserved 1048576K
}
Event: 2.369 GC heap before
{Heap before GC invocations=10 (full 0):
 garbage-first heap   total 61440K, used 41391K [0x0000000704800000, 0x0000000800000000)
  region size 2048K, 14 young (28672K), 1 survivors (2048K)
 Metaspace       used 48746K, committed 49088K, reserved 1097728K
  class space    used 6895K, committed 7040K, reserved 1048576K
}
Event: 2.370 GC heap after
{Heap after GC invocations=11 (full 0):
 garbage-first heap   total 61440K, used 18801K [0x0000000704800000, 0x0000000800000000)
  region size 2048K, 2 young (4096K), 2 survivors (4096K)
 Metaspace       used 48746K, committed 49088K, reserved 1097728K
  class space    used 6895K, committed 7040K, reserved 1048576K
}
Event: 14.613 GC heap before
{Heap before GC invocations=11 (full 0):
 garbage-first heap   total 61440K, used 41329K [0x0000000704800000, 0x0000000800000000)
  region size 2048K, 14 young (28672K), 2 survivors (4096K)
 Metaspace       used 53152K, committed 53632K, reserved 1097728K
  class space    used 7468K, committed 7680K, reserved 1048576K
}
Event: 14.621 GC heap after
{Heap after GC invocations=12 (full 0):
 garbage-first heap   total 61440K, used 20307K [0x0000000704800000, 0x0000000800000000)
  region size 2048K, 1 young (2048K), 1 survivors (2048K)
 Metaspace       used 53152K, committed 53632K, reserved 1097728K
  class space    used 7468K, committed 7680K, reserved 1048576K
}

