# JRE version: Java(TM) SE Runtime Environment (17.0.6+9) (build 17.0.6+9-LTS-190)
# Java VM: Java HotSpot(TM) 64-Bit Server VM (17.0.6+9-LTS-190, mixed mode, emulated-client, sharing, tiered, compressed oops, compressed class ptrs, g1 gc, windows-amd64)
GC Precious Log:
 CPUs: 12 total, 12 available
 Memory: 16088M
 Large Page Support: Disabled
 NUMA Support: Disabled
 Compressed Oops: Enabled (Zero based)
 Heap Region Size: 2M
 Heap Min Capacity: 8M
 Heap Initial Capacity: 252M
 Heap Max Capacity: 4024M
 Pre-touch: Disabled
 Parallel Workers: 10
 Concurrent Workers: 3
 Concurrent Refinement Workers: 10
 Periodic GC: Disabled
Heap:
 garbage-first heap   total 61440K, used 28629K [0x0000000704800000, 0x0000000800000000)
  region size 2048K, 6 young (12288K), 1 survivors (2048K)
 Metaspace       used 53766K, committed 54208K, reserved 1097728K
  class space    used 7551K, committed 7744K, reserved 1048576K
GC Heap History (20 events):
Event: 0.655 GC heap before
{Heap before GC invocations=1 (full 0):
 garbage-first heap   total 258048K, used 28872K [0x0000000704800000, 0x0000000800000000)
  region size 2048K, 14 young (28672K), 2 survivors (4096K)
 Metaspace       used 12804K, committed 13120K, reserved 1064960K
  class space    used 1720K, committed 1856K, reserved 1048576K
}
Event: 0.658 GC heap after
{Heap after GC invocations=2 (full 0):
 garbage-first heap   total 258048K, used 8218K [0x0000000704800000, 0x0000000800000000)
  region size 2048K, 1 young (2048K), 1 survivors (2048K)
 Metaspace       used 12804K, committed 13120K, reserved 1064960K
  class space    used 1720K, committed 1856K, reserved 1048576K
}
Event: 1.101 GC heap before
{Heap before GC invocations=2 (full 0):
 garbage-first heap   total 258048K, used 61466K [0x0000000704800000, 0x0000000800000000)
  region size 2048K, 28 young (57344K), 1 survivors (2048K)
 Metaspace       used 21229K, committed 21504K, reserved 1073152K
  class space    used 2876K, committed 3008K, reserved 1048576K
}
Event: 1.105 GC heap after
{Heap after GC invocations=3 (full 0):
 garbage-first heap   total 258048K, used 11383K [0x0000000704800000, 0x0000000800000000)
  region size 2048K, 3 young (6144K), 3 survivors (6144K)
 Metaspace       used 21229K, committed 21504K, reserved 1073152K
  class space    used 2876K, committed 3008K, reserved 1048576K
}
Event: 1.419 GC heap before
{Heap before GC invocations=4 (full 0):
 garbage-first heap   total 55296K, used 38007K [0x0000000704800000, 0x0000000800000000)
  region size 2048K, 17 young (34816K), 3 survivors (6144K)
 Metaspace       used 26166K, committed 26496K, reserved 1073152K
  class space    used 3512K, committed 3712K, reserved 1048576K
}
Event: 1.423 GC heap after
{Heap after GC invocations=5 (full 0):
 garbage-first heap   total 55296K, used 14112K [0x0000000704800000, 0x0000000800000000)
  region size 2048K, 4 young (8192K), 4 survivors (8192K)
 Metaspace       used 26166K, committed 26496K, reserved 1073152K
  class space    used 3512K, committed 3712K, reserved 1048576K
}
Event: 1.444 GC heap before
{Heap before GC invocations=5 (full 0):
 garbage-first heap   total 55296K, used 16160K [0x0000000704800000, 0x0000000800000000)
  region size 2048K, 5 young (10240K), 4 survivors (8192K)
 Metaspace       used 26515K, committed 26944K, reserved 1073152K
  class space    used 3590K, committed 3776K, reserved 1048576K
}
Event: 1.448 GC heap after
{Heap after GC invocations=6 (full 0):
 garbage-first heap   total 55296K, used 14769K [0x0000000704800000, 0x0000000800000000)
  region size 2048K, 1 young (2048K), 1 survivors (2048K)
 Metaspace       used 26515K, committed 26944K, reserved 1073152K
  class space    used 3590K, committed 3776K, reserved 1048576K
}
Event: 1.630 GC heap before
{Heap before GC invocations=6 (full 0):
 garbage-first heap   total 55296K, used 35249K [0x0000000704800000, 0x0000000800000000)
  region size 2048K, 11 young (22528K), 1 survivors (2048K)
 Metaspace       used 31589K, committed 31872K, reserved 1081344K
  class space    used 4348K, committed 4480K, reserved 1048576K
}
Event: 1.632 GC heap after
{Heap after GC invocations=7 (full 0):
 garbage-first heap   total 157696K, used 15058K [0x0000000704800000, 0x0000000800000000)
  region size 2048K, 1 young (2048K), 1 survivors (2048K)
 Metaspace       used 31589K, committed 31872K, reserved 1081344K
  class space    used 4348K, committed 4480K, reserved 1048576K
}
Event: 1.734 GC heap before
{Heap before GC invocations=7 (full 0):
 garbage-first heap   total 157696K, used 23250K [0x0000000704800000, 0x0000000800000000)
  region size 2048K, 6 young (12288K), 1 survivors (2048K)
 Metaspace       used 35581K, committed 35968K, reserved 1081344K
  class space    used 4954K, committed 5184K, reserved 1048576K
}
Event: 1.736 GC heap after
{Heap after GC invocations=8 (full 0):
 garbage-first heap   total 157696K, used 15530K [0x0000000704800000, 0x0000000800000000)
  region size 2048K, 1 young (2048K), 1 survivors (2048K)
 Metaspace       used 35581K, committed 35968K, reserved 1081344K
  class space    used 4954K, committed 5184K, reserved 1048576K
}
Event: 2.131 GC heap before
{Heap before GC invocations=9 (full 0):
 garbage-first heap   total 61440K, used 50346K [0x0000000704800000, 0x0000000800000000)
  region size 2048K, 18 young (36864K), 1 survivors (2048K)
 Metaspace       used 43459K, committed 43840K, reserved 1089536K
  class space    used 6142K, committed 6336K, reserved 1048576K
}
Event: 2.134 GC heap after
{Heap after GC invocations=10 (full 0):
 garbage-first heap   total 61440K, used 16877K [0x0000000704800000, 0x0000000800000000)
  region size 2048K, 2 young (4096K), 2 survivors (4096K)
 Metaspace       used 43459K, committed 43840K, reserved 1089536K
  class space    used 6142K, committed 6336K, reserved 1048576K
}
Event: 2.151 GC heap before
{Heap before GC invocations=10 (full 0):
 garbage-first heap   total 61440K, used 18925K [0x0000000704800000, 0x0000000800000000)
  region size 2048K, 3 young (6144K), 2 survivors (4096K)
 Metaspace       used 43903K, committed 44288K, reserved 1089536K
  class space    used 6210K, committed 6400K, reserved 1048576K
}
Event: 2.154 GC heap after
{Heap after GC invocations=11 (full 0):
 garbage-first heap   total 61440K, used 17035K [0x0000000704800000, 0x0000000800000000)
  region size 2048K, 1 young (2048K), 1 survivors (2048K)
 Metaspace       used 43903K, committed 44288K, reserved 1089536K
  class space    used 6210K, committed 6400K, reserved 1048576K
}
Event: 2.423 GC heap before
{Heap before GC invocations=11 (full 0):
 garbage-first heap   total 61440K, used 41611K [0x0000000704800000, 0x0000000800000000)
  region size 2048K, 14 young (28672K), 1 survivors (2048K)
 Metaspace       used 48715K, committed 49088K, reserved 1097728K
  class space    used 6892K, committed 7040K, reserved 1048576K
}
Event: 2.425 GC heap after
{Heap after GC invocations=12 (full 0):
 garbage-first heap   total 61440K, used 19049K [0x0000000704800000, 0x0000000800000000)
  region size 2048K, 2 young (4096K), 2 survivors (4096K)
 Metaspace       used 48715K, committed 49088K, reserved 1097728K
  class space    used 6892K, committed 7040K, reserved 1048576K
}
Event: 7.829 GC heap before
{Heap before GC invocations=12 (full 0):
 garbage-first heap   total 61440K, used 41577K [0x0000000704800000, 0x0000000800000000)
  region size 2048K, 14 young (28672K), 2 survivors (4096K)
 Metaspace       used 52746K, committed 53248K, reserved 1097728K
  class space    used 7408K, committed 7616K, reserved 1048576K
}
Event: 7.832 GC heap after
{Heap after GC invocations=13 (full 0):
 garbage-first heap   total 61440K, used 20437K [0x0000000704800000, 0x0000000800000000)
  region size 2048K, 1 young (2048K), 1 survivors (2048K)
 Metaspace       used 52746K, committed 53248K, reserved 1097728K
  class space    used 7408K, committed 7616K, reserved 1048576K
}

