# JRE version: Java(TM) SE Runtime Environment (17.0.6+9) (build 17.0.6+9-LTS-190)
# Java VM: Java HotSpot(TM) 64-Bit Server VM (17.0.6+9-LTS-190, mixed mode, emulated-client, sharing, tiered, compressed oops, compressed class ptrs, g1 gc, windows-amd64)
GC Precious Log:
 CPUs: 12 total, 12 available
 Memory: 16088M
 Large Page Support: Disabled
 NUMA Support: Disabled
 Compressed Oops: Enabled (Zero based)
 Heap Region Size: 2M
 Heap Min Capacity: 8M
 Heap Initial Capacity: 252M
 Heap Max Capacity: 4024M
 Pre-touch: Disabled
 Parallel Workers: 10
 Concurrent Workers: 3
 Concurrent Refinement Workers: 10
 Periodic GC: Disabled
Heap:
 garbage-first heap   total 61440K, used 24339K [0x0000000704800000, 0x0000000800000000)
  region size 2048K, 4 young (8192K), 1 survivors (2048K)
 Metaspace       used 53676K, committed 54080K, reserved 1097728K
  class space    used 7538K, committed 7744K, reserved 1048576K
GC Heap History (20 events):
Event: 0.394 GC heap before
{Heap before GC invocations=0 (full 0):
 garbage-first heap   total 258048K, used 22528K [0x0000000704800000, 0x0000000800000000)
  region size 2048K, 11 young (22528K), 0 survivors (0K)
 Metaspace       used 7292K, committed 7424K, reserved 1056768K
  class space    used 917K, committed 960K, reserved 1048576K
}
Event: 0.398 GC heap after
{Heap after GC invocations=1 (full 0):
 garbage-first heap   total 258048K, used 6365K [0x0000000704800000, 0x0000000800000000)
  region size 2048K, 2 young (4096K), 2 survivors (4096K)
 Metaspace       used 7292K, committed 7424K, reserved 1056768K
  class space    used 917K, committed 960K, reserved 1048576K
}
Event: 0.641 GC heap before
{Heap before GC invocations=1 (full 0):
 garbage-first heap   total 258048K, used 30941K [0x0000000704800000, 0x0000000800000000)
  region size 2048K, 15 young (30720K), 2 survivors (4096K)
 Metaspace       used 13327K, committed 13504K, reserved 1064960K
  class space    used 1772K, committed 1856K, reserved 1048576K
}
Event: 0.644 GC heap after
{Heap after GC invocations=2 (full 0):
 garbage-first heap   total 258048K, used 8185K [0x0000000704800000, 0x0000000800000000)
  region size 2048K, 1 young (2048K), 1 survivors (2048K)
 Metaspace       used 13327K, committed 13504K, reserved 1064960K
  class space    used 1772K, committed 1856K, reserved 1048576K
}
Event: 1.072 GC heap before
{Heap before GC invocations=2 (full 0):
 garbage-first heap   total 258048K, used 61433K [0x0000000704800000, 0x0000000800000000)
  region size 2048K, 28 young (57344K), 1 survivors (2048K)
 Metaspace       used 21276K, committed 21504K, reserved 1073152K
  class space    used 2889K, committed 3008K, reserved 1048576K
}
Event: 1.075 GC heap after
{Heap after GC invocations=3 (full 0):
 garbage-first heap   total 258048K, used 11403K [0x0000000704800000, 0x0000000800000000)
  region size 2048K, 3 young (6144K), 3 survivors (6144K)
 Metaspace       used 21276K, committed 21504K, reserved 1073152K
  class space    used 2889K, committed 3008K, reserved 1048576K
}
Event: 1.377 GC heap before
{Heap before GC invocations=4 (full 0):
 garbage-first heap   total 61440K, used 44171K [0x0000000704800000, 0x0000000800000000)
  region size 2048K, 20 young (40960K), 3 survivors (6144K)
 Metaspace       used 27217K, committed 27648K, reserved 1073152K
  class space    used 3684K, committed 3904K, reserved 1048576K
}
Event: 1.381 GC heap after
{Heap after GC invocations=5 (full 0):
 garbage-first heap   total 61440K, used 14325K [0x0000000704800000, 0x0000000800000000)
  region size 2048K, 4 young (8192K), 4 survivors (8192K)
 Metaspace       used 27217K, committed 27648K, reserved 1073152K
  class space    used 3684K, committed 3904K, reserved 1048576K
}
Event: 1.402 GC heap before
{Heap before GC invocations=5 (full 0):
 garbage-first heap   total 61440K, used 16373K [0x0000000704800000, 0x0000000800000000)
  region size 2048K, 5 young (10240K), 4 survivors (8192K)
 Metaspace       used 27685K, committed 28096K, reserved 1081344K
  class space    used 3749K, committed 3968K, reserved 1048576K
}
Event: 1.405 GC heap after
{Heap after GC invocations=6 (full 0):
 garbage-first heap   total 61440K, used 15138K [0x0000000704800000, 0x0000000800000000)
  region size 2048K, 1 young (2048K), 1 survivors (2048K)
 Metaspace       used 27685K, committed 28096K, reserved 1081344K
  class space    used 3749K, committed 3968K, reserved 1048576K
}
Event: 1.652 GC heap before
{Heap before GC invocations=6 (full 0):
 garbage-first heap   total 61440K, used 39714K [0x0000000704800000, 0x0000000800000000)
  region size 2048K, 14 young (28672K), 1 survivors (2048K)
 Metaspace       used 35777K, committed 36160K, reserved 1081344K
  class space    used 4967K, committed 5184K, reserved 1048576K
}
Event: 1.654 GC heap after
{Heap after GC invocations=7 (full 0):
 garbage-first heap   total 159744K, used 15453K [0x0000000704800000, 0x0000000800000000)
  region size 2048K, 1 young (2048K), 1 survivors (2048K)
 Metaspace       used 35777K, committed 36160K, reserved 1081344K
  class space    used 4967K, committed 5184K, reserved 1048576K
}
Event: 2.062 GC heap before
{Heap before GC invocations=8 (full 0):
 garbage-first heap   total 61440K, used 50269K [0x0000000704800000, 0x0000000800000000)
  region size 2048K, 18 young (36864K), 1 survivors (2048K)
 Metaspace       used 43546K, committed 43904K, reserved 1089536K
  class space    used 6156K, committed 6336K, reserved 1048576K
}
Event: 2.064 GC heap after
{Heap after GC invocations=9 (full 0):
 garbage-first heap   total 61440K, used 16699K [0x0000000704800000, 0x0000000800000000)
  region size 2048K, 2 young (4096K), 2 survivors (4096K)
 Metaspace       used 43546K, committed 43904K, reserved 1089536K
  class space    used 6156K, committed 6336K, reserved 1048576K
}
Event: 2.083 GC heap before
{Heap before GC invocations=9 (full 0):
 garbage-first heap   total 61440K, used 18747K [0x0000000704800000, 0x0000000800000000)
  region size 2048K, 3 young (6144K), 2 survivors (4096K)
 Metaspace       used 43997K, committed 44352K, reserved 1089536K
  class space    used 6225K, committed 6400K, reserved 1048576K
}
Event: 2.086 GC heap after
{Heap after GC invocations=10 (full 0):
 garbage-first heap   total 61440K, used 16752K [0x0000000704800000, 0x0000000800000000)
  region size 2048K, 1 young (2048K), 1 survivors (2048K)
 Metaspace       used 43997K, committed 44352K, reserved 1089536K
  class space    used 6225K, committed 6400K, reserved 1048576K
}
Event: 2.371 GC heap before
{Heap before GC invocations=10 (full 0):
 garbage-first heap   total 61440K, used 43376K [0x0000000704800000, 0x0000000800000000)
  region size 2048K, 14 young (28672K), 1 survivors (2048K)
 Metaspace       used 48765K, committed 49088K, reserved 1097728K
  class space    used 6901K, committed 7040K, reserved 1048576K
}
Event: 2.373 GC heap after
{Heap after GC invocations=11 (full 0):
 garbage-first heap   total 61440K, used 18759K [0x0000000704800000, 0x0000000800000000)
  region size 2048K, 2 young (4096K), 2 survivors (4096K)
 Metaspace       used 48765K, committed 49088K, reserved 1097728K
  class space    used 6901K, committed 7040K, reserved 1048576K
}
Event: 11.658 GC heap before
{Heap before GC invocations=11 (full 0):
 garbage-first heap   total 61440K, used 43335K [0x0000000704800000, 0x0000000800000000)
  region size 2048K, 14 young (28672K), 2 survivors (4096K)
 Metaspace       used 53198K, committed 53632K, reserved 1097728K
  class space    used 7475K, committed 7680K, reserved 1048576K
}
Event: 11.664 GC heap after
{Heap after GC invocations=12 (full 0):
 garbage-first heap   total 61440K, used 20243K [0x0000000704800000, 0x0000000800000000)
  region size 2048K, 1 young (2048K), 1 survivors (2048K)
 Metaspace       used 53198K, committed 53632K, reserved 1097728K
  class space    used 7475K, committed 7680K, reserved 1048576K
}

