# JRE version: Java(TM) SE Runtime Environment (17.0.6+9) (build 17.0.6+9-LTS-190)
# Java VM: Java HotSpot(TM) 64-Bit Server VM (17.0.6+9-LTS-190, mixed mode, emulated-client, sharing, tiered, compressed oops, compressed class ptrs, g1 gc, windows-amd64)
GC Precious Log:
 CPUs: 12 total, 12 available
 Memory: 16088M
 Large Page Support: Disabled
 NUMA Support: Disabled
 Compressed Oops: Enabled (Zero based)
 Heap Region Size: 2M
 Heap Min Capacity: 8M
 Heap Initial Capacity: 252M
 Heap Max Capacity: 4024M
 Pre-touch: Disabled
 Parallel Workers: 10
 Concurrent Workers: 3
 Concurrent Refinement Workers: 10
 Periodic GC: Disabled
Heap:
 garbage-first heap   total 61440K, used 24525K [0x0000000704800000, 0x0000000800000000)
  region size 2048K, 4 young (8192K), 1 survivors (2048K)
 Metaspace       used 53617K, committed 54016K, reserved 1097728K
  class space    used 7531K, committed 7744K, reserved 1048576K
GC Heap History (20 events):
Event: 0.633 GC heap before
{Heap before GC invocations=1 (full 0):
 garbage-first heap   total 258048K, used 28916K [0x0000000704800000, 0x0000000800000000)
  region size 2048K, 14 young (28672K), 2 survivors (4096K)
 Metaspace       used 12813K, committed 13120K, reserved 1064960K
  class space    used 1721K, committed 1856K, reserved 1048576K
}
Event: 0.636 GC heap after
{Heap after GC invocations=2 (full 0):
 garbage-first heap   total 258048K, used 8257K [0x0000000704800000, 0x0000000800000000)
  region size 2048K, 1 young (2048K), 1 survivors (2048K)
 Metaspace       used 12813K, committed 13120K, reserved 1064960K
  class space    used 1721K, committed 1856K, reserved 1048576K
}
Event: 1.078 GC heap before
{Heap before GC invocations=2 (full 0):
 garbage-first heap   total 258048K, used 61505K [0x0000000704800000, 0x0000000800000000)
  region size 2048K, 28 young (57344K), 1 survivors (2048K)
 Metaspace       used 21228K, committed 21504K, reserved 1073152K
  class space    used 2864K, committed 3008K, reserved 1048576K
}
Event: 1.082 GC heap after
{Heap after GC invocations=3 (full 0):
 garbage-first heap   total 258048K, used 11651K [0x0000000704800000, 0x0000000800000000)
  region size 2048K, 3 young (6144K), 3 survivors (6144K)
 Metaspace       used 21228K, committed 21504K, reserved 1073152K
  class space    used 2864K, committed 3008K, reserved 1048576K
}
Event: 1.315 GC heap before
{Heap before GC invocations=4 (full 0):
 garbage-first heap   total 55296K, used 38275K [0x0000000704800000, 0x0000000800000000)
  region size 2048K, 17 young (34816K), 3 survivors (6144K)
 Metaspace       used 25926K, committed 26304K, reserved 1073152K
  class space    used 3484K, committed 3712K, reserved 1048576K
}
Event: 1.321 GC heap after
{Heap after GC invocations=5 (full 0):
 garbage-first heap   total 55296K, used 14407K [0x0000000704800000, 0x0000000800000000)
  region size 2048K, 4 young (8192K), 4 survivors (8192K)
 Metaspace       used 25926K, committed 26304K, reserved 1073152K
  class space    used 3484K, committed 3712K, reserved 1048576K
}
Event: 1.342 GC heap before
{Heap before GC invocations=5 (full 0):
 garbage-first heap   total 55296K, used 16455K [0x0000000704800000, 0x0000000800000000)
  region size 2048K, 5 young (10240K), 4 survivors (8192K)
 Metaspace       used 26449K, committed 26880K, reserved 1073152K
  class space    used 3581K, committed 3776K, reserved 1048576K
}
Event: 1.348 GC heap after
{Heap after GC invocations=6 (full 0):
 garbage-first heap   total 55296K, used 14620K [0x0000000704800000, 0x0000000800000000)
  region size 2048K, 1 young (2048K), 1 survivors (2048K)
 Metaspace       used 26449K, committed 26880K, reserved 1073152K
  class space    used 3581K, committed 3776K, reserved 1048576K
}
Event: 1.528 GC heap before
{Heap before GC invocations=6 (full 0):
 garbage-first heap   total 55296K, used 35100K [0x0000000704800000, 0x0000000800000000)
  region size 2048K, 11 young (22528K), 1 survivors (2048K)
 Metaspace       used 31505K, committed 31808K, reserved 1081344K
  class space    used 4339K, committed 4480K, reserved 1048576K
}
Event: 1.529 GC heap after
{Heap after GC invocations=7 (full 0):
 garbage-first heap   total 157696K, used 14906K [0x0000000704800000, 0x0000000800000000)
  region size 2048K, 1 young (2048K), 1 survivors (2048K)
 Metaspace       used 31505K, committed 31808K, reserved 1081344K
  class space    used 4339K, committed 4480K, reserved 1048576K
}
Event: 1.638 GC heap before
{Heap before GC invocations=7 (full 0):
 garbage-first heap   total 157696K, used 25146K [0x0000000704800000, 0x0000000800000000)
  region size 2048K, 7 young (14336K), 1 survivors (2048K)
 Metaspace       used 35779K, committed 36160K, reserved 1081344K
  class space    used 4968K, committed 5184K, reserved 1048576K
}
Event: 1.641 GC heap after
{Heap after GC invocations=8 (full 0):
 garbage-first heap   total 157696K, used 15407K [0x0000000704800000, 0x0000000800000000)
  region size 2048K, 1 young (2048K), 1 survivors (2048K)
 Metaspace       used 35779K, committed 36160K, reserved 1081344K
  class space    used 4968K, committed 5184K, reserved 1048576K
}
Event: 2.039 GC heap before
{Heap before GC invocations=9 (full 0):
 garbage-first heap   total 61440K, used 50223K [0x0000000704800000, 0x0000000800000000)
  region size 2048K, 18 young (36864K), 1 survivors (2048K)
 Metaspace       used 43631K, committed 43968K, reserved 1089536K
  class space    used 6171K, committed 6336K, reserved 1048576K
}
Event: 2.042 GC heap after
{Heap after GC invocations=10 (full 0):
 garbage-first heap   total 61440K, used 16749K [0x0000000704800000, 0x0000000800000000)
  region size 2048K, 2 young (4096K), 2 survivors (4096K)
 Metaspace       used 43631K, committed 43968K, reserved 1089536K
  class space    used 6171K, committed 6336K, reserved 1048576K
}
Event: 2.059 GC heap before
{Heap before GC invocations=10 (full 0):
 garbage-first heap   total 61440K, used 18797K [0x0000000704800000, 0x0000000800000000)
  region size 2048K, 3 young (6144K), 2 survivors (4096K)
 Metaspace       used 44058K, committed 44416K, reserved 1089536K
  class space    used 6243K, committed 6400K, reserved 1048576K
}
Event: 2.062 GC heap after
{Heap after GC invocations=11 (full 0):
 garbage-first heap   total 61440K, used 16819K [0x0000000704800000, 0x0000000800000000)
  region size 2048K, 1 young (2048K), 1 survivors (2048K)
 Metaspace       used 44058K, committed 44416K, reserved 1089536K
  class space    used 6243K, committed 6400K, reserved 1048576K
}
Event: 2.334 GC heap before
{Heap before GC invocations=11 (full 0):
 garbage-first heap   total 61440K, used 43443K [0x0000000704800000, 0x0000000800000000)
  region size 2048K, 14 young (28672K), 1 survivors (2048K)
 Metaspace       used 48789K, committed 49152K, reserved 1097728K
  class space    used 6903K, committed 7104K, reserved 1048576K
}
Event: 2.338 GC heap after
{Heap after GC invocations=12 (full 0):
 garbage-first heap   total 61440K, used 18837K [0x0000000704800000, 0x0000000800000000)
  region size 2048K, 2 young (4096K), 2 survivors (4096K)
 Metaspace       used 48789K, committed 49152K, reserved 1097728K
  class space    used 6903K, committed 7104K, reserved 1048576K
}
Event: 14.663 GC heap before
{Heap before GC invocations=12 (full 0):
 garbage-first heap   total 61440K, used 43413K [0x0000000704800000, 0x0000000800000000)
  region size 2048K, 14 young (28672K), 2 survivors (4096K)
 Metaspace       used 53136K, committed 53632K, reserved 1097728K
  class space    used 7467K, committed 7680K, reserved 1048576K
}
Event: 14.668 GC heap after
{Heap after GC invocations=13 (full 0):
 garbage-first heap   total 61440K, used 20429K [0x0000000704800000, 0x0000000800000000)
  region size 2048K, 1 young (2048K), 1 survivors (2048K)
 Metaspace       used 53136K, committed 53632K, reserved 1097728K
  class space    used 7467K, committed 7680K, reserved 1048576K
}

