# JRE version: Java(TM) SE Runtime Environment (17.0.6+9) (build 17.0.6+9-LTS-190)
# Java VM: Java HotSpot(TM) 64-Bit Server VM (17.0.6+9-LTS-190, mixed mode, emulated-client, sharing, tiered, compressed oops, compressed class ptrs, g1 gc, windows-amd64)
GC Precious Log:
 CPUs: 12 total, 12 available
 Memory: 16088M
 Large Page Support: Disabled
 NUMA Support: Disabled
 Compressed Oops: Enabled (Zero based)
 Heap Region Size: 2M
 Heap Min Capacity: 8M
 Heap Initial Capacity: 252M
 Heap Max Capacity: 4024M
 Pre-touch: Disabled
 Parallel Workers: 10
 Concurrent Workers: 3
 Concurrent Refinement Workers: 10
 Periodic GC: Disabled
Heap:
 garbage-first heap   total 69632K, used 38512K [0x0000000704800000, 0x0000000800000000)
  region size 2048K, 14 young (28672K), 3 survivors (6144K)
 Metaspace       used 53610K, committed 54016K, reserved 1097728K
  class space    used 7529K, committed 7744K, reserved 1048576K
GC Heap History (16 events):
Event: 0.389 GC heap before
{Heap before GC invocations=0 (full 0):
 garbage-first heap   total 258048K, used 20480K [0x0000000704800000, 0x0000000800000000)
  region size 2048K, 11 young (22528K), 0 survivors (0K)
 Metaspace       used 7164K, committed 7296K, reserved 1056768K
  class space    used 904K, committed 960K, reserved 1048576K
}
Event: 0.394 GC heap after
{Heap after GC invocations=1 (full 0):
 garbage-first heap   total 258048K, used 6882K [0x0000000704800000, 0x0000000800000000)
  region size 2048K, 2 young (4096K), 2 survivors (4096K)
 Metaspace       used 7164K, committed 7296K, reserved 1056768K
  class space    used 904K, committed 960K, reserved 1048576K
}
Event: 0.638 GC heap before
{Heap before GC invocations=1 (full 0):
 garbage-first heap   total 258048K, used 29410K [0x0000000704800000, 0x0000000800000000)
  region size 2048K, 14 young (28672K), 2 survivors (4096K)
 Metaspace       used 12791K, committed 13056K, reserved 1064960K
  class space    used 1721K, committed 1856K, reserved 1048576K
}
Event: 0.641 GC heap after
{Heap after GC invocations=2 (full 0):
 garbage-first heap   total 258048K, used 8366K [0x0000000704800000, 0x0000000800000000)
  region size 2048K, 1 young (2048K), 1 survivors (2048K)
 Metaspace       used 12791K, committed 13056K, reserved 1064960K
  class space    used 1721K, committed 1856K, reserved 1048576K
}
Event: 1.071 GC heap before
{Heap before GC invocations=2 (full 0):
 garbage-first heap   total 258048K, used 61614K [0x0000000704800000, 0x0000000800000000)
  region size 2048K, 28 young (57344K), 1 survivors (2048K)
 Metaspace       used 21228K, committed 21504K, reserved 1073152K
  class space    used 2876K, committed 3008K, reserved 1048576K
}
Event: 1.075 GC heap after
{Heap after GC invocations=3 (full 0):
 garbage-first heap   total 258048K, used 11624K [0x0000000704800000, 0x0000000800000000)
  region size 2048K, 3 young (6144K), 3 survivors (6144K)
 Metaspace       used 21228K, committed 21504K, reserved 1073152K
  class space    used 2876K, committed 3008K, reserved 1048576K
}
Event: 1.351 GC heap before
{Heap before GC invocations=4 (full 0):
 garbage-first heap   total 55296K, used 38248K [0x0000000704800000, 0x0000000800000000)
  region size 2048K, 17 young (34816K), 3 survivors (6144K)
 Metaspace       used 26165K, committed 26496K, reserved 1073152K
  class space    used 3512K, committed 3712K, reserved 1048576K
}
Event: 1.356 GC heap after
{Heap after GC invocations=5 (full 0):
 garbage-first heap   total 55296K, used 14166K [0x0000000704800000, 0x0000000800000000)
  region size 2048K, 4 young (8192K), 4 survivors (8192K)
 Metaspace       used 26165K, committed 26496K, reserved 1073152K
  class space    used 3512K, committed 3712K, reserved 1048576K
}
Event: 1.549 GC heap before
{Heap before GC invocations=5 (full 0):
 garbage-first heap   total 55296K, used 34646K [0x0000000704800000, 0x0000000800000000)
  region size 2048K, 14 young (28672K), 4 survivors (8192K)
 Metaspace       used 31206K, committed 31552K, reserved 1081344K
  class space    used 4292K, committed 4480K, reserved 1048576K
}
Event: 1.554 GC heap after
{Heap after GC invocations=6 (full 0):
 garbage-first heap   total 157696K, used 15274K [0x0000000704800000, 0x0000000800000000)
  region size 2048K, 1 young (2048K), 1 survivors (2048K)
 Metaspace       used 31206K, committed 31552K, reserved 1081344K
  class space    used 4292K, committed 4480K, reserved 1048576K
}
Event: 1.685 GC heap before
{Heap before GC invocations=6 (full 0):
 garbage-first heap   total 157696K, used 27562K [0x0000000704800000, 0x0000000800000000)
  region size 2048K, 8 young (16384K), 1 survivors (2048K)
 Metaspace       used 35580K, committed 35968K, reserved 1081344K
  class space    used 4954K, committed 5184K, reserved 1048576K
}
Event: 1.687 GC heap after
{Heap after GC invocations=7 (full 0):
 garbage-first heap   total 157696K, used 15995K [0x0000000704800000, 0x0000000800000000)
  region size 2048K, 1 young (2048K), 1 survivors (2048K)
 Metaspace       used 35580K, committed 35968K, reserved 1081344K
  class space    used 4954K, committed 5184K, reserved 1048576K
}
Event: 2.162 GC heap before
{Heap before GC invocations=8 (full 0):
 garbage-first heap   total 69632K, used 54907K [0x0000000704800000, 0x0000000800000000)
  region size 2048K, 20 young (40960K), 1 survivors (2048K)
 Metaspace       used 44303K, committed 44672K, reserved 1089536K
  class space    used 6284K, committed 6464K, reserved 1048576K
}
Event: 2.165 GC heap after
{Heap after GC invocations=9 (full 0):
 garbage-first heap   total 69632K, used 17346K [0x0000000704800000, 0x0000000800000000)
  region size 2048K, 2 young (4096K), 2 survivors (4096K)
 Metaspace       used 44303K, committed 44672K, reserved 1089536K
  class space    used 6284K, committed 6464K, reserved 1048576K
}
Event: 2.486 GC heap before
{Heap before GC invocations=9 (full 0):
 garbage-first heap   total 69632K, used 50114K [0x0000000704800000, 0x0000000800000000)
  region size 2048K, 18 young (36864K), 2 survivors (4096K)
 Metaspace       used 49869K, committed 50304K, reserved 1097728K
  class space    used 7049K, committed 7232K, reserved 1048576K
}
Event: 2.490 GC heap after
{Heap after GC invocations=10 (full 0):
 garbage-first heap   total 69632K, used 20080K [0x0000000704800000, 0x0000000800000000)
  region size 2048K, 3 young (6144K), 3 survivors (6144K)
 Metaspace       used 49869K, committed 50304K, reserved 1097728K
  class space    used 7049K, committed 7232K, reserved 1048576K
}

